<?xml version="1.0" encoding="UTF-8"?>
<testsuite name="testng_maven"
           tests="7"
           failures="0"
           errors="0"
           skipped="0"
           time="9.307">
    <properties></properties>



            <testcase
                name="verifyUpdate"
                time="0.425"
                classname="com.petstore.PetTests">
            </testcase>
            <testcase
                name="verifyAdd"
                time="5.539"
                classname="com.petstore.PetTests">
            </testcase>
            <testcase
                name="deletePetAndDoCheck"
                time="0.915"
                classname="com.petstore.PetTests">
            </testcase>
            <testcase
                name="updatePet"
                time="0.440"
                classname="com.petstore.PetTests">
            </testcase>
            <testcase
                name="verifyAddCheckStatus"
                time="0.454"
                classname="com.petstore.PetTests">
            </testcase>
            <testcase
                name="verifySchema"
                time="1.004"
                classname="com.petstore.PetTests">
            </testcase>
            <testcase
                name="verifyNewPet"
                time="0.530"
                classname="com.petstore.PetTests">
            </testcase>
</testsuite>
