<?xml version="1.0" encoding="UTF-8"?>
<testsuite name="Pet API tests"
           tests="7"
           failures="0"
           errors="0"
           skipped="0"
           time="6.581">
    <properties></properties>



            <testcase
                name="verifyAddCheckStatus"
                time="0.471"
                classname="com.petstore.PetTests">
            </testcase>
            <testcase
                name="verifySchema"
                time="0.996"
                classname="com.petstore.PetTests">
            </testcase>
            <testcase
                name="verifyNewPet"
                time="0.529"
                classname="com.petstore.PetTests">
            </testcase>
            <testcase
                name="updatePet"
                time="0.456"
                classname="com.petstore.PetTests">
            </testcase>
            <testcase
                name="verifyUpdate"
                time="0.419"
                classname="com.petstore.PetTests">
            </testcase>
            <testcase
                name="deletePetAndDoCheck"
                time="0.892"
                classname="com.petstore.PetTests">
            </testcase>
            <testcase
                name="verifyAdd"
                time="2.818"
                classname="com.petstore.PetTests">
            </testcase>
</testsuite>
