<?xml version="1.0" encoding="UTF-8"?>
<!-- Generated by org.testng.reporters.JUnitXMLReporter -->
<testsuite hostname="LAPTOP-CUJS7NEP" ignored="0" name="Pet API tests" tests="7" failures="0" timestamp="2020-07-17T02:18:26 IST" time="7.696" errors="0">
  <testcase name="verifyAdd" time="2.916" classname="com.petstore.PetTests"/>
  <testcase name="verifyNewPet" time="0.521" classname="com.petstore.PetTests"/>
  <testcase name="updatePet" time="0.466" classname="com.petstore.PetTests"/>
  <testcase name="verifyUpdate" time="0.443" classname="com.petstore.PetTests"/>
  <testcase name="deletePetAndDoCheck" time="0.928" classname="com.petstore.PetTests"/>
  <testcase name="verifyAddCheckStatus" time="0.428" classname="com.petstore.PetTests"/>
  <testcase name="verifySchema" time="0.968" classname="com.petstore.PetTests"/>
</testsuite> <!-- Pet API tests -->
