<?xml version="1.0" encoding="UTF-8"?>
<!-- Generated by org.testng.reporters.JUnitXMLReporter -->
<testsuite hostname="LAPTOP-CUJS7NEP" ignored="0" name="Pet API tests" tests="5" failures="0" timestamp="2020-07-01T16:58:38 IST" time="12.197" errors="0">
  <testcase name="addNewPet" time="7.153" classname="com.petstore.PetTests"/>
  <testcase name="verifyNewPet" time="0.638" classname="com.petstore.PetTests"/>
  <testcase name="updatePet" time="0.49" classname="com.petstore.PetTests"/>
  <testcase name="verifyUpdate" time="0.455" classname="com.petstore.PetTests"/>
  <testcase name="deletePetAndDoCheck" time="1.035" classname="com.petstore.PetTests"/>
</testsuite> <!-- Pet API tests -->
